0 info it worked if it ends with ok
1 verbose cli [ '/usr/local/bin/node', '/usr/local/bin/npm', 'install', '-g' ]
2 info using npm@1.1.26
3 info using node@v0.8.0
4 verbose config file /home/bob/.npmrc
5 verbose config file /usr/local/etc/npmrc
6 verbose config file /usr/local/lib/node_modules/npm/npmrc
7 verbose read json /usr/local/lib/package.json
8 verbose read json /usr/local/lib/package.json
9 verbose cache add [ '.', null ]
10 silly cache add name=undefined spec="." args=[".",null]
11 verbose parsed url { pathname: '.', path: '.', href: '.' }
12 verbose read json package.json
13 verbose tar pack [ '/tmp/npm-1341957723370/1341957723370-0.9907803814858198/tmp.tgz',
13 verbose tar pack   '.' ]
14 verbose tarball /tmp/npm-1341957723370/1341957723370-0.9907803814858198/tmp.tgz
15 verbose folder .
16 info prepublish frame5@0.0.2
17 verbose tar unpack /tmp/npm-1341957723370/1341957723370-0.9907803814858198/tmp.tgz
18 silly gunzTarPerm modes [ '755', '644' ]
19 silly gunzTarPerm extractEntry package.json
20 silly gunzTarPerm modified mode [ 'package.json', 436, 420 ]
21 silly gunzTarPerm extractEntry README.md
22 silly gunzTarPerm modified mode [ 'README.md', 436, 420 ]
23 silly gunzTarPerm extractEntry server.js
24 silly gunzTarPerm modified mode [ 'server.js', 436, 420 ]
25 silly gunzTarPerm extractEntry frame5.js
26 silly gunzTarPerm modified mode [ 'frame5.js', 436, 420 ]
27 silly gunzTarPerm extractEntry .project
28 silly gunzTarPerm modified mode [ '.project', 436, 420 ]
29 silly gunzTarPerm extractEntry GPL-LICENSE.txt
30 silly gunzTarPerm modified mode [ 'GPL-LICENSE.txt', 436, 420 ]
31 silly gunzTarPerm extractEntry client/web-socket.js
32 silly gunzTarPerm modified mode [ 'client/web-socket.js', 436, 420 ]
33 silly gunzTarPerm extractEntry client/xhr.js
34 silly gunzTarPerm modified mode [ 'client/xhr.js', 436, 420 ]
35 silly gunzTarPerm extractEntry client/tmpl.js
36 silly gunzTarPerm modified mode [ 'client/tmpl.js', 436, 420 ]
37 silly gunzTarPerm extractEntry client/config.js
38 silly gunzTarPerm modified mode [ 'client/config.js', 436, 420 ]
39 silly gunzTarPerm extractEntry client/stream.js
40 silly gunzTarPerm modified mode [ 'client/stream.js', 436, 420 ]
41 silly gunzTarPerm extractEntry client/events.js
42 silly gunzTarPerm modified mode [ 'client/events.js', 436, 420 ]
43 silly gunzTarPerm extractEntry client/core.js
44 silly gunzTarPerm modified mode [ 'client/core.js', 436, 420 ]
45 silly gunzTarPerm extractEntry client/rpc.js
46 silly gunzTarPerm modified mode [ 'client/rpc.js', 436, 420 ]
47 silly gunzTarPerm extractEntry client/browser.js
48 silly gunzTarPerm modified mode [ 'client/browser.js', 436, 420 ]
49 silly gunzTarPerm extractEntry client/web-sql.js
50 silly gunzTarPerm modified mode [ 'client/web-sql.js', 436, 420 ]
51 silly gunzTarPerm extractEntry client/worker.js
52 silly gunzTarPerm modified mode [ 'client/worker.js', 436, 420 ]
53 silly gunzTarPerm extractEntry client/long-poll.js
54 silly gunzTarPerm modified mode [ 'client/long-poll.js', 436, 420 ]
55 silly gunzTarPerm extractEntry client/worker-process.js
56 silly gunzTarPerm modified mode [ 'client/worker-process.js', 436, 420 ]
57 silly gunzTarPerm extractEntry client/init.js
58 silly gunzTarPerm modified mode [ 'client/init.js', 436, 420 ]
59 silly gunzTarPerm extractEntry client/worker/tmpl.js
60 silly gunzTarPerm modified mode [ 'client/worker/tmpl.js', 436, 420 ]
61 silly gunzTarPerm extractEntry streams/json.js
62 silly gunzTarPerm modified mode [ 'streams/json.js', 436, 420 ]
63 silly gunzTarPerm extractEntry streams/event.js
64 silly gunzTarPerm modified mode [ 'streams/event.js', 436, 420 ]
65 silly gunzTarPerm extractEntry streams/split.js
66 silly gunzTarPerm modified mode [ 'streams/split.js', 436, 420 ]
67 silly gunzTarPerm extractEntry tests/index.html
68 silly gunzTarPerm modified mode [ 'tests/index.html', 436, 420 ]
69 silly gunzTarPerm extractEntry lib/index.js
70 silly gunzTarPerm modified mode [ 'lib/index.js', 436, 420 ]
71 silly gunzTarPerm extractEntry lib/frame5/f5.js
72 silly gunzTarPerm modified mode [ 'lib/frame5/f5.js', 436, 420 ]
73 silly gunzTarPerm extractEntry MIT-LICENSE.txt
74 silly gunzTarPerm modified mode [ 'MIT-LICENSE.txt', 436, 420 ]
75 verbose read json /tmp/npm-1341957723370/1341957723370-0.9907803814858198/package/package.json
76 verbose from cache /tmp/npm-1341957723370/1341957723370-0.9907803814858198/package/package.json
77 verbose tar pack [ '/home/bob/.npm/frame5/0.0.2/package.tgz',
77 verbose tar pack   '/tmp/npm-1341957723370/1341957723370-0.9907803814858198/package' ]
78 verbose tarball /home/bob/.npm/frame5/0.0.2/package.tgz
79 verbose folder /tmp/npm-1341957723370/1341957723370-0.9907803814858198/package
80 verbose tar unpack /home/bob/.npm/frame5/0.0.2/package.tgz
81 silly gunzTarPerm modes [ '755', '644' ]
82 silly gunzTarPerm extractEntry package.json
83 silly gunzTarPerm extractEntry README.md
84 silly gunzTarPerm extractEntry frame5.js
85 silly gunzTarPerm extractEntry server.js
86 silly gunzTarPerm extractEntry streams/event.js
87 silly gunzTarPerm extractEntry streams/split.js
88 silly gunzTarPerm extractEntry streams/json.js
89 silly gunzTarPerm extractEntry .project
90 silly gunzTarPerm extractEntry MIT-LICENSE.txt
91 silly gunzTarPerm extractEntry GPL-LICENSE.txt
92 silly gunzTarPerm extractEntry tests/index.html
93 silly gunzTarPerm extractEntry client/stream.js
94 silly gunzTarPerm extractEntry client/worker-process.js
95 silly gunzTarPerm extractEntry client/xhr.js
96 silly gunzTarPerm extractEntry client/config.js
97 silly gunzTarPerm extractEntry client/rpc.js
98 silly gunzTarPerm extractEntry client/long-poll.js
99 silly gunzTarPerm extractEntry client/web-sql.js
100 silly gunzTarPerm extractEntry client/core.js
101 silly gunzTarPerm extractEntry client/init.js
102 silly gunzTarPerm extractEntry client/browser.js
103 silly gunzTarPerm extractEntry client/events.js
104 silly gunzTarPerm extractEntry client/tmpl.js
105 silly gunzTarPerm extractEntry client/web-socket.js
106 silly gunzTarPerm extractEntry client/worker.js
107 silly gunzTarPerm extractEntry client/worker/tmpl.js
108 silly gunzTarPerm extractEntry lib/index.js
109 silly gunzTarPerm extractEntry lib/frame5/f5.js
110 verbose read json /home/bob/.npm/frame5/0.0.2/package/package.json
111 silly shasum updated bytes 31241
112 info shasum 72e6b312fe9d8f159c4af1e4f56b32efe4f55597
112 info shasum /home/bob/.npm/frame5/0.0.2/package.tgz
113 verbose from cache /home/bob/.npm/frame5/0.0.2/package/package.json
114 verbose chmod /home/bob/.npm/frame5/0.0.2/package.tgz 644
115 verbose chown /home/bob/.npm/frame5/0.0.2/package.tgz [ 1000, 1000 ]
116 silly resolved [ { author: { name: 'Tim' },
116 silly resolved     name: 'frame5',
116 silly resolved     description: 'Frame5 is an attempt creating an HTML5 framework.',
116 silly resolved     version: '0.0.2',
116 silly resolved     homepage: 'https://github.com/FLYBYME/Frame5',
116 silly resolved     repository: { type: 'git', url: 'git://github.com/FLYBYME/Frame5.git' },
116 silly resolved     main: './frame5.js',
116 silly resolved     dependencies: { ws: '*', cookie: '*', connect: '*' },
116 silly resolved     engines: { node: 'node >= 0.8.0' },
116 silly resolved     scripts: { start: 'node server.js' },
116 silly resolved     readme: '# Frame5 - HTML5 Framework\n\nFrame5 is an attempt creating an HTML5 framework. Under the umbrella \nstandard HTML5 a lot of technological are at play. Frame5\'s goal is \nto bring together as many of the specs as it can.\n\n\n\n\nWish List\n======\n\n## Have\n* [Web SQL Database](http://www.w3.org/TR/webdatabase/)\n* [Web Worker](http://www.whatwg.org/specs/web-apps/current-work/multipage/workers.html)\n* [Web sockets](http://www.whatwg.org/specs/web-apps/current-work/multipage/network.html)\n\n## Need\n* [Indexed Database API](http://www.w3.org/TR/IndexedDB/)\n* [Web Storage](http://www.w3.org/TR/webstorage/)\n* [Canvas Element](http://www.whatwg.org/specs/web-apps/current-work/multipage/the-canvas-element.html)\n\nLinks\n======\nMain\n* [frame5.info - Home](http://frame5.info)\n* [heroku.com - Home](http://heroku.com)\nOther\n* [zeptojs.com](http://zeptojs.com)\n* [jquery.com](http://jquery.com)\n\n\nHow to use\n======\n\n\n## The Server\nInstall with NPM\n~~~\nnpm install frame5\n~~~\n\n\n~~~ js\nvar express = require(\'express\');\nvar http = require(\'http\');\n\nvar Frame5 = require(\'frame5\')\n\nvar app = express.createServer()\n\n\napp.use(express.favicon())\napp.use(express.logger(\'dev\'))\napp.use(express.cookieParser())\n\napp.use(express.session({\n\tsecret : \'my secret here\'\n}))\n\n\napp.use(Frame5(app))\n\n\napp.get(\'/test\', function(req, res) {\n\tres.sendfile(\'./test.html\')\n})\n\napp.listen(3000);\n\n~~~\n\n\n\n## The Client\n~~~ html\n\n\n<!DOCTYPE html>\n<html>\n\n\t<head>\n\t\t<meta charset="utf-8">\n\t\t<meta name="viewport" content="width=device-width, initial-scale=1">\n\t\t<title>Frame5</title>\n\t\t\n\t\t<!--\n\t\t//\n\t\t//\n\t\t//\n\t\t-->\n\t\t\n\t\t<script src="http://code.jquery.com/jquery-1.7.1.min.js"></script>\n\t\t\n\t\t<!--\n\t\t//\n\t\t//\n\t\t//\n\t\t-->\n\t\t\n\t\t<script src="/frame5"></script>\n\n\t\t<!--\n\t\t//\n\t\t//\n\t\t//\n\t\t-->\n\t</head>\n\n\t<body>\n\t<script>\n\t\tconsole.log(Frame5);\n\t</script>\n\t</body>\n</html>\n\n~~~\n\nVersioning\n----------\n\nReleases will be numbered with the follow format:\n\n`<major>.<minor>.<patch>`\n\nAnd constructed with the following guidelines:\n\n* Breaking backward compatibility bumps the major (and resets the minor and patch)\n* New additions without breaking backward compatibility bumps the minor (and resets the patch)\n* Bug fixes and misc changes bumps the patch\n\nFor more information on SemVer, please visit http://semver.org/.\n\n',
116 silly resolved     _id: 'frame5@0.0.2',
116 silly resolved     dist: { shasum: '72e6b312fe9d8f159c4af1e4f56b32efe4f55597' },
116 silly resolved     _from: '.' } ]
117 info install frame5@0.0.2 into /usr/local/lib
118 info installOne frame5@0.0.2
119 verbose from cache /home/bob/.npm/frame5/0.0.2/package/package.json
120 info /usr/local/lib/node_modules/frame5 unbuild
121 verbose read json /usr/local/lib/node_modules/frame5/package.json
122 verbose tar unpack /home/bob/.npm/frame5/0.0.2/package.tgz
123 silly gunzTarPerm modes [ '755', '644' ]
124 error Error: EACCES, mkdir '/usr/local/lib/node_modules/frame5'
124 error  { [Error: EACCES, mkdir '/usr/local/lib/node_modules/frame5']
124 error   errno: 3,
124 error   code: 'EACCES',
124 error   path: '/usr/local/lib/node_modules/frame5',
124 error   fstream_type: 'Directory',
124 error   fstream_path: '/usr/local/lib/node_modules/frame5',
124 error   fstream_class: 'DirWriter',
124 error   fstream_stack:
124 error    [ 'DirWriter._create (/usr/local/lib/node_modules/npm/node_modules/fstream/lib/dir-writer.js:36:23)',
124 error      '/usr/local/lib/node_modules/npm/node_modules/mkdirp/index.js:51:17',
124 error      'Object.oncomplete (fs.js:297:15)' ] }
125 error Please try running this command again as root/Administrator.
126 error System Linux 3.4.4-3.fc17.i686
127 error command "/usr/local/bin/node" "/usr/local/bin/npm" "install" "-g"
128 error cwd /home/bob/Documents/node/Frame5
129 error node -v v0.8.0
130 error npm -v 1.1.26
131 error path /usr/local/lib/node_modules/frame5
132 error fstream_path /usr/local/lib/node_modules/frame5
133 error fstream_type Directory
134 error fstream_class DirWriter
135 error code EACCES
136 error message EACCES, mkdir '/usr/local/lib/node_modules/frame5'
137 error errno 3
138 error fstream_stack DirWriter._create (/usr/local/lib/node_modules/npm/node_modules/fstream/lib/dir-writer.js:36:23)
138 error fstream_stack /usr/local/lib/node_modules/npm/node_modules/mkdirp/index.js:51:17
138 error fstream_stack Object.oncomplete (fs.js:297:15)
139 error 3 errno
140 verbose exit [ 3, true ]
